[2022-08-10 15:22:52,237] INFO Starting the log cleaner (kafka.log.LogCleaner)
[2022-08-10 15:22:52,311] INFO [kafka-log-cleaner-thread-0]: Starting (kafka.log.LogCleaner)
[2022-08-10 15:24:18,596] INFO Shutting down the log cleaner. (kafka.log.LogCleaner)
[2022-08-10 15:24:18,597] INFO [kafka-log-cleaner-thread-0]: Shutting down (kafka.log.LogCleaner)
[2022-08-10 15:24:18,597] INFO [kafka-log-cleaner-thread-0]: Stopped (kafka.log.LogCleaner)
[2022-08-10 15:24:18,599] INFO [kafka-log-cleaner-thread-0]: Shutdown completed (kafka.log.LogCleaner)
[2022-08-10 15:32:09,411] INFO Starting the log cleaner (kafka.log.LogCleaner)
[2022-08-10 15:32:09,485] INFO [kafka-log-cleaner-thread-0]: Starting (kafka.log.LogCleaner)
[2022-08-10 15:32:54,171] INFO Starting the log cleaner (kafka.log.LogCleaner)
[2022-08-10 15:32:54,251] INFO [kafka-log-cleaner-thread-0]: Starting (kafka.log.LogCleaner)
[2022-08-10 15:48:33,710] INFO Starting the log cleaner (kafka.log.LogCleaner)
[2022-08-10 15:48:33,783] INFO [kafka-log-cleaner-thread-0]: Starting (kafka.log.LogCleaner)
[2022-08-10 15:48:51,612] INFO Starting the log cleaner (kafka.log.LogCleaner)
[2022-08-10 15:48:51,709] INFO [kafka-log-cleaner-thread-0]: Starting (kafka.log.LogCleaner)
[2022-08-10 16:12:29,278] INFO Shutting down the log cleaner. (kafka.log.LogCleaner)
[2022-08-10 16:12:29,280] INFO [kafka-log-cleaner-thread-0]: Shutting down (kafka.log.LogCleaner)
[2022-08-10 16:12:29,281] INFO [kafka-log-cleaner-thread-0]: Stopped (kafka.log.LogCleaner)
[2022-08-10 16:12:29,281] INFO [kafka-log-cleaner-thread-0]: Shutdown completed (kafka.log.LogCleaner)
[2022-08-10 16:13:42,171] INFO Starting the log cleaner (kafka.log.LogCleaner)
[2022-08-10 16:13:42,244] INFO [kafka-log-cleaner-thread-0]: Starting (kafka.log.LogCleaner)
[2022-08-10 16:13:58,772] INFO Starting the log cleaner (kafka.log.LogCleaner)
[2022-08-10 16:13:58,853] INFO [kafka-log-cleaner-thread-0]: Starting (kafka.log.LogCleaner)
[2022-08-10 16:15:10,802] INFO Starting the log cleaner (kafka.log.LogCleaner)
[2022-08-10 16:15:10,898] INFO [kafka-log-cleaner-thread-0]: Starting (kafka.log.LogCleaner)
[2022-08-10 16:17:18,929] INFO Shutting down the log cleaner. (kafka.log.LogCleaner)
[2022-08-10 16:17:18,930] INFO [kafka-log-cleaner-thread-0]: Shutting down (kafka.log.LogCleaner)
[2022-08-10 16:17:18,930] INFO [kafka-log-cleaner-thread-0]: Stopped (kafka.log.LogCleaner)
[2022-08-10 16:17:18,930] INFO [kafka-log-cleaner-thread-0]: Shutdown completed (kafka.log.LogCleaner)
[2022-08-10 16:17:24,861] INFO Shutting down the log cleaner. (kafka.log.LogCleaner)
[2022-08-10 16:17:24,861] INFO [kafka-log-cleaner-thread-0]: Shutting down (kafka.log.LogCleaner)
[2022-08-10 16:17:24,862] INFO [kafka-log-cleaner-thread-0]: Stopped (kafka.log.LogCleaner)
[2022-08-10 16:17:24,862] INFO [kafka-log-cleaner-thread-0]: Shutdown completed (kafka.log.LogCleaner)
[2022-08-10 16:17:30,491] INFO Shutting down the log cleaner. (kafka.log.LogCleaner)
[2022-08-10 16:17:30,491] INFO [kafka-log-cleaner-thread-0]: Shutting down (kafka.log.LogCleaner)
[2022-08-10 16:17:30,492] INFO [kafka-log-cleaner-thread-0]: Stopped (kafka.log.LogCleaner)
[2022-08-10 16:17:30,492] INFO [kafka-log-cleaner-thread-0]: Shutdown completed (kafka.log.LogCleaner)
[2024-01-21 22:47:17,776] INFO Starting the log cleaner (kafka.log.LogCleaner)
[2024-01-21 22:47:17,861] INFO [kafka-log-cleaner-thread-0]: Starting (kafka.log.LogCleaner)
[2024-01-21 22:54:15,731] INFO Starting the log cleaner (kafka.log.LogCleaner)
[2024-01-21 22:54:15,830] INFO [kafka-log-cleaner-thread-0]: Starting (kafka.log.LogCleaner)
[2024-01-21 22:54:44,025] INFO Starting the log cleaner (kafka.log.LogCleaner)
[2024-01-21 22:54:44,112] INFO [kafka-log-cleaner-thread-0]: Starting (kafka.log.LogCleaner)
[2024-01-21 23:43:00,708] INFO Shutting down the log cleaner. (kafka.log.LogCleaner)
[2024-01-21 23:43:00,709] INFO [kafka-log-cleaner-thread-0]: Shutting down (kafka.log.LogCleaner)
[2024-01-21 23:43:00,710] INFO [kafka-log-cleaner-thread-0]: Stopped (kafka.log.LogCleaner)
[2024-01-21 23:43:00,710] INFO [kafka-log-cleaner-thread-0]: Shutdown completed (kafka.log.LogCleaner)
[2024-01-21 23:43:11,008] INFO Shutting down the log cleaner. (kafka.log.LogCleaner)
[2024-01-21 23:43:11,011] INFO [kafka-log-cleaner-thread-0]: Shutting down (kafka.log.LogCleaner)
[2024-01-21 23:43:11,012] INFO [kafka-log-cleaner-thread-0]: Stopped (kafka.log.LogCleaner)
[2024-01-21 23:43:11,012] INFO [kafka-log-cleaner-thread-0]: Shutdown completed (kafka.log.LogCleaner)
[2024-01-21 23:43:31,330] INFO Shutting down the log cleaner. (kafka.log.LogCleaner)
[2024-01-21 23:43:31,335] INFO [kafka-log-cleaner-thread-0]: Shutting down (kafka.log.LogCleaner)
[2024-01-21 23:43:31,335] INFO [kafka-log-cleaner-thread-0]: Stopped (kafka.log.LogCleaner)
[2024-01-21 23:43:31,335] INFO [kafka-log-cleaner-thread-0]: Shutdown completed (kafka.log.LogCleaner)
